2025-11-22 18:52:42.504673 (566351) main____ INFO    ----------------------------------------
2025-11-22 18:52:42.504773 (566351) main____ INFO    Jasper version info
2025-11-22 18:52:42.504784 (566351) main____ INFO      tool      : Jasper 2024.06
2025-11-22 18:52:42.504793 (566351) main____ INFO      version   : 2024.06p002 64 bits
2025-11-22 18:52:42.504800 (566351) main____ INFO      build date: 2024.09.02 16:28:38 UTC
2025-11-22 18:52:42.504803 (566351) main____ INFO    ----------------------------------------
2025-11-22 18:52:42.504806 (566351) main____ INFO    Runtime info:
2025-11-22 18:52:42.504809 (566351) main____ INFO      platform  : Linux 4.18.0-553.83.1.el8_10.x86_64 x86_64
2025-11-22 18:52:42.504819 (566351) main____ INFO      hostname  : micro11
2025-11-22 18:52:42.504825 (566351) main____ INFO      pid       : 566351
2025-11-22 18:52:42.504829 (566351) main____ INFO      arguments : '-style' 'windows' '-fpv' 'FPV_proc_v.tcl'
2025-11-22 18:52:42.504833 (566351) main____ INFO      locale    : UTF-8
2025-11-22 18:52:42.504836 (566351) main____ INFO    ----------------------------------------
2025-11-22 18:52:42.504839 (566351) main____ INFO    System resource limits info:
2025-11-22 18:52:42.504844 (566351) main____ INFO      virtual memory: unlimited
2025-11-22 18:52:42.504849 (566351) main____ INFO      cpu time      : unlimited
2025-11-22 18:52:42.504915 (566351) main____ INFO      processes     : 126062
2025-11-22 18:52:42.504929 (566351) main____ INFO      stack size    : 8388608 B
2025-11-22 18:52:42.504935 (566351) main____ INFO      core file size: 0 B
2025-11-22 18:52:42.504941 (566351) main____ INFO      open files    : 1024
2025-11-22 18:52:42.504945 (566351) main____ INFO      file size     : unlimited
2025-11-22 18:52:42.504948 (566351) main____ INFO    ----------------------------------------
2025-11-22 18:52:42.504951 (566351) main____ INFO    Memory statistics:
2025-11-22 18:52:42.504956 (566351) main____ INFO      total physical memory  : 32333972 kB
2025-11-22 18:52:42.504960 (566351) main____ INFO      free physical memory   : 14145708 kB
2025-11-22 18:52:42.504966 (566351) main____ INFO      committed address space: 22025488 kB
2025-11-22 18:52:42.504968 (566351) main____ INFO    ----------------------------------------
2025-11-22 18:52:42.505756 (566351) main____ INFO    Important environment variables:
2025-11-22 18:52:42.505784 (566351) main____ INFO      CDS_LIC_FILE       : '5280@bioeelincad.ee.columbia.edu'
2025-11-22 18:52:42.505789 (566351) main____ INFO      DISPLAY            : ':1004'
2025-11-22 18:52:42.505794 (566351) main____ INFO      JASPER_CPU_CHECK   : '1'
2025-11-22 18:52:42.505798 (566351) main____ INFO      JASPER_INSTALL_DIR : '/tools/cadence/jasper_2024.06p002'
2025-11-22 18:52:42.505802 (566351) main____ INFO      JASPER_KERNEL_CHECK: '1'
2025-11-22 18:52:42.505806 (566351) main____ INFO      JASPER_OS_CHECK    : '1'
2025-11-22 18:52:42.505810 (566351) main____ INFO      LANG               : 'en_US.UTF-8'
2025-11-22 18:52:42.505813 (566351) main____ INFO    ----------------------------------------
2025-11-22 18:52:42.506440 (566351) lic_core INFO    Initializing license system ...
2025-11-22 18:52:42.513336 (566351) lic_core INFO    ... license system initialized.
2025-11-22 18:52:42.530937 (566351) lic__man INFO    Claim 'main' for <ui>.
2025-11-22 18:52:42.530996 (566351) lic_core INFO    (1) checking out 'jasper_interactive' ...
2025-11-22 18:52:42.548219 (566351) lic_core INFO    ... (1) checkout succeeded
2025-11-22 18:52:42.548295 (566351) lic__man INFO    Claim 'fpv' for <ui>.
2025-11-22 18:52:42.548320 (566351) lic_core INFO    (2) checking out 'jasper_fpv' ...
2025-11-22 18:52:42.554916 (566351) lic_core INFO    ... (2) checkout failed (error: -5) ("FLEXnet ERROR(-5, 0, 0): No such feature exists.")
2025-11-22 18:52:42.554963 (566351) lic_core INFO    (3) checking out 'jasper_fao' ...
2025-11-22 18:52:42.568132 (566351) lic_core INFO    ... (3) checkout succeeded
2025-11-22 18:52:42.568818 (566351) main____ INFO    Tool inactivity delay is 480000 ms.
2025-11-22 18:52:43.360766 (566351) lic__man INFO    Claim 'fpv' for <ui>.
2025-11-22 18:52:43.579542 (566351) lic__man INFO    Unclaim 'fpv' for <ui>.
2025-11-22 18:52:43.579606 (566351) lic__man INFO    Claim 'fpv' for <ui>.
2025-11-22 18:52:43.599832 (566351) session_ INFO    Starting analysis session with session id 'session_0' (launcher: <local>) ...
2025-11-22 18:52:43.602710 (566351) session_ INFO    Analysis session with session id 'session_0' started (pid: 566386)
2025-11-22 18:52:45.186249 (566351) session_ INFO    Analysis session 'session_0' connected to the console (host: 127.0.0.1:55264)
2025-11-22 18:52:46.541093 (566351) lic__man INFO    Unclaim everything for 'session_0'.
2025-11-22 18:52:46.608125 (566351) lic__man INFO    Claim 'fpv' for 'session_0'.
2025-11-22 18:52:46.608167 (566351) lic__man INFO    Claim 'fpv' for 'session_0/prove-0'.
2025-11-22 18:52:46.713137 (566351) lic__man INFO    Unclaim everything for 'session_0/prove-0'.
2025-11-22 18:55:37.640428 (566351) main____ INFO    About to exit: requested from GUI
2025-11-22 18:55:37.811147 (566351) session_ INFO    Analysis session 'session_0' disconnected.
2025-11-22 18:55:37.838836 (566351) lic_core INFO    (1) checkin jasper_interactive
2025-11-22 18:55:37.840469 (566351) lic_core INFO    (3) checkin jasper_fao
2025-11-22 18:55:37.844001 (566351) main____ INFO    Exiting with status 0.
